<?xml version="1.0" encoding="UTF-8"?>
<!-- Generated by org.testng.reporters.JUnitXMLReporter -->
<testsuite hostname="DESKTOP-N7G69G5" ignored="4" name="Twitter Home" tests="12" failures="1" timestamp="27 Jan 2018 04:58:20 GMT" time="135.97" errors="0">
  <testcase name="testBlogLink" time="0.09" classname="testHomePageObjects.TestHomePage"/>
  <testcase name="testHelpCenterLink" time="0.071" classname="testHomePageObjects.TestHomePage"/>
  <testcase name="testHeroImage" time="15.743" classname="testHomePageObjects.TestHomePage"/>
  <testcase name="testHomePageText" time="0.083" classname="testHomePageObjects.TestHomePage"/>
  <testcase name="verifyTotalLinksHomePage" time="5.494" classname="testHomePageObjects.TestHomePage"/>
  <testcase name="testBlankEmailPassword" time="1.47" classname="testLoginPageObjects.testLoginPage">
    <failure type="java.lang.AssertionError" message="expected [true] but found [false]">
      <![CDATA[java.lang.AssertionError: expected [true] but found [false]at testLoginPageObjects.testLoginPage.testBlankEmailPassword(testLoginPage.java:25)... Removed 33 stack frames]]>
    </failure>
  </testcase> <!-- testBlankEmailPassword -->
  <testcase name="testInvalidEmailBlankPassword" time="2.345" classname="testLoginPageObjects.testLoginPage"/>
  <testcase name="testInvalidEmailInvalidPassword" time="2.321" classname="testLoginPageObjects.testLoginPage"/>
  <testcase name="testblankEmailInvalidPassword" time="1.987" classname="testLoginPageObjects.testLoginPage"/>
  <testcase name="testPersonlizeCheckBox" time="1.514" classname="testSettingsPageObjects.testSettingsPage"/>
  <testcase name="testPersonlizeDevicesCheckBox" time="1.803" classname="testSettingsPageObjects.testSettingsPage"/>
  <testcase name="testTrackTwitterCheckBox" time="2.247" classname="testSettingsPageObjects.testSettingsPage"/>
  <testcase name="@AfterSuite generateReport" time="0.0" classname="base.CommonAPI">
    <ignored/>
  </testcase> <!-- @AfterSuite generateReport -->
  <testcase name="@AfterSuite generateReport" time="0.0" classname="base.CommonAPI">
    <ignored/>
  </testcase> <!-- @AfterSuite generateReport -->
  <testcase name="@BeforeSuite extentSetup" time="0.0" classname="base.CommonAPI">
    <ignored/>
  </testcase> <!-- @BeforeSuite extentSetup -->
  <testcase name="@BeforeSuite extentSetup" time="0.0" classname="base.CommonAPI">
    <ignored/>
  </testcase> <!-- @BeforeSuite extentSetup -->
</testsuite> <!-- Twitter Home -->
