<?xml version="1.0" encoding="UTF-8"?>
<testng-results skipped="0" failed="0" ignored="0" total="1" passed="1">
  <reporter-output>
    <line>
      <![CDATA[Extent Report DirectoryC:\Aarti\Java\ProjectMavenTeam3\Team_3_Framework_Project\Twitter\target\surefire-reports\html]]>
    </line>
  </reporter-output>
  <suite name="Twitter Automation Test" duration-ms="15337" started-at="2018-01-25T05:19:37Z" finished-at="2018-01-25T05:19:52Z">
    <groups>
    </groups>
    <test name="Twitter Home" duration-ms="15337" started-at="2018-01-25T05:19:37Z" finished-at="2018-01-25T05:19:52Z">
      <class name="testLoginPageObjects.testLoginPage">
        <test-method status="PASS" signature="extentSetup(org.testng.ITestContext)[pri:0, instance:testLoginPageObjects.testLoginPage@23d2a7e8]" name="extentSetup" is-config="true" duration-ms="530" started-at="2018-01-24T21:19:37Z" finished-at="2018-01-24T21:19:37Z">
          <params>
            <param index="0">
              <value>
                <![CDATA[org.testng.TestRunner@45e37a7e]]>
              </value>
            </param>
          </params>
          <reporter-output>
            <line>
              <![CDATA[Extent Report DirectoryC:\Aarti\Java\ProjectMavenTeam3\Team_3_Framework_Project\Twitter\target\surefire-reports\html]]>
            </line>
          </reporter-output>
        </test-method> <!-- extentSetup -->
        <test-method status="PASS" signature="setUp(boolean, java.lang.String, java.lang.String, java.lang.String, java.lang.String, java.lang.String, java.lang.String)[pri:0, instance:testLoginPageObjects.testLoginPage@23d2a7e8]" name="setUp" is-config="true" duration-ms="11224" started-at="2018-01-24T21:19:37Z" finished-at="2018-01-24T21:19:48Z">
          <params>
            <param index="0">
              <value>
                <![CDATA[false]]>
              </value>
            </param>
            <param index="1">
              <value>
                <![CDATA[browserstack]]>
              </value>
            </param>
            <param index="2">
              <value>
                <![CDATA[Windows]]>
              </value>
            </param>
            <param index="3">
              <value>
                <![CDATA[10]]>
              </value>
            </param>
            <param index="4">
              <value>
                <![CDATA[Chrome]]>
              </value>
            </param>
            <param index="5">
              <value>
                <![CDATA[62.0]]>
              </value>
            </param>
            <param index="6">
              <value>
                <![CDATA[https://twitter.com/]]>
              </value>
            </param>
          </params>
          <reporter-output>
          </reporter-output>
        </test-method> <!-- setUp -->
        <test-method status="PASS" signature="startExtent(java.lang.reflect.Method)[pri:0, instance:testLoginPageObjects.testLoginPage@23d2a7e8]" name="startExtent" is-config="true" duration-ms="12" started-at="2018-01-24T21:19:48Z" finished-at="2018-01-24T21:19:48Z">
          <params>
            <param index="0">
              <value>
                <![CDATA[public void testLoginPageObjects.testLoginPage.testInvalidEmailInvalidPassword()]]>
              </value>
            </param>
          </params>
          <reporter-output>
          </reporter-output>
        </test-method> <!-- startExtent -->
        <test-method status="PASS" signature="initializePageObjects()[pri:0, instance:testLoginPageObjects.testLoginPage@23d2a7e8]" name="initializePageObjects" is-config="true" duration-ms="118" started-at="2018-01-24T21:19:48Z" finished-at="2018-01-24T21:19:48Z">
          <reporter-output>
          </reporter-output>
        </test-method> <!-- initializePageObjects -->
        <test-method status="PASS" signature="testInvalidEmailInvalidPassword()[pri:0, instance:testLoginPageObjects.testLoginPage@23d2a7e8]" name="testInvalidEmailInvalidPassword" duration-ms="2190" started-at="2018-01-24T21:19:48Z" finished-at="2018-01-24T21:19:51Z">
          <reporter-output>
          </reporter-output>
        </test-method> <!-- testInvalidEmailInvalidPassword -->
        <test-method status="PASS" signature="afterEachTestMethod(org.testng.ITestResult)[pri:0, instance:testLoginPageObjects.testLoginPage@23d2a7e8]" name="afterEachTestMethod" is-config="true" duration-ms="1758" started-at="2018-01-24T21:19:51Z" finished-at="2018-01-24T21:19:52Z">
          <params>
            <param index="0">
              <value>
                <![CDATA[[TestResult name=testInvalidEmailInvalidPassword status=SUCCESS method=testLoginPage.testInvalidEmailInvalidPassword()[pri:0, instance:testLoginPageObjects.testLoginPage@23d2a7e8] output={null}]]]>
              </value>
            </param>
          </params>
          <reporter-output>
          </reporter-output>
        </test-method> <!-- afterEachTestMethod -->
        <test-method status="PASS" signature="closeOut()[pri:0, instance:testLoginPageObjects.testLoginPage@23d2a7e8]" name="closeOut" is-config="true" duration-ms="0" started-at="2018-01-24T21:19:52Z" finished-at="2018-01-24T21:19:52Z">
          <reporter-output>
          </reporter-output>
        </test-method> <!-- closeOut -->
        <test-method status="PASS" signature="generateReport()[pri:0, instance:testLoginPageObjects.testLoginPage@23d2a7e8]" name="generateReport" is-config="true" duration-ms="46" started-at="2018-01-24T21:19:52Z" finished-at="2018-01-24T21:19:53Z">
          <reporter-output>
          </reporter-output>
        </test-method> <!-- generateReport -->
      </class> <!-- testLoginPageObjects.testLoginPage -->
    </test> <!-- Twitter Home -->
  </suite> <!-- Twitter Automation Test -->
</testng-results>
