-------------------------------------------------------------------------------
Test set: TestSuite
-------------------------------------------------------------------------------
Tests run: 12, Failures: 1, Errors: 0, Skipped: 0, Time elapsed: 137.721 s <<< FAILURE! - in TestSuite
testBlankEmailPassword(testLoginPageObjects.testLoginPage)  Time elapsed: 1.477 s  <<< FAILURE!
java.lang.AssertionError: expected [true] but found [false]
	at testLoginPageObjects.testLoginPage.testBlankEmailPassword(testLoginPage.java:25)

