<?xml version="1.0" encoding="UTF-8"?>
<testng-results skipped="0" failed="1" ignored="0" total="1" passed="0">
  <reporter-output>
    <line>
      <![CDATA[Extent Report DirectoryC:\Users\Ali\Team_3_Framework_Project\Cigna\test-output\html]]>
    </line>
  </reporter-output>
  <suite name="Cigna Automation Test" duration-ms="13349" started-at="2018-01-26T01:06:38Z" finished-at="2018-01-26T01:06:51Z">
    <groups>
    </groups>
    <test name="Cigna" duration-ms="13349" started-at="2018-01-26T01:06:38Z" finished-at="2018-01-26T01:06:51Z">
      <class name="testCases.TestExcelReader">
        <test-method status="PASS" signature="extentSetup(org.testng.ITestContext)[pri:0, instance:testCases.TestExcelReader@1b68ddbd]" name="extentSetup" is-config="true" duration-ms="946" started-at="2018-01-25T20:06:37Z" finished-at="2018-01-25T20:06:38Z">
          <params>
            <param index="0">
              <value>
                <![CDATA[org.testng.TestRunner@57ac5227]]>
              </value>
            </param>
          </params>
          <reporter-output>
            <line>
              <![CDATA[Extent Report DirectoryC:\Users\Ali\Team_3_Framework_Project\Cigna\test-output\html]]>
            </line>
          </reporter-output>
        </test-method> <!-- extentSetup -->
        <test-method status="PASS" signature="setUp(boolean, java.lang.String, java.lang.String, java.lang.String, java.lang.String, java.lang.String, java.lang.String)[pri:0, instance:testCases.TestExcelReader@1b68ddbd]" name="setUp" is-config="true" duration-ms="11198" started-at="2018-01-25T20:06:38Z" finished-at="2018-01-25T20:06:49Z">
          <params>
            <param index="0">
              <value>
                <![CDATA[false]]>
              </value>
            </param>
            <param index="1">
              <value>
                <![CDATA[browserstack]]>
              </value>
            </param>
            <param index="2">
              <value>
                <![CDATA[Windows]]>
              </value>
            </param>
            <param index="3">
              <value>
                <![CDATA[10]]>
              </value>
            </param>
            <param index="4">
              <value>
                <![CDATA[Chrome]]>
              </value>
            </param>
            <param index="5">
              <value>
                <![CDATA[62.0]]>
              </value>
            </param>
            <param index="6">
              <value>
                <![CDATA[https://www.cigna.com/]]>
              </value>
            </param>
          </params>
          <reporter-output>
          </reporter-output>
        </test-method> <!-- setUp -->
        <test-method status="PASS" signature="startExtent(java.lang.reflect.Method)[pri:0, instance:testCases.TestExcelReader@1b68ddbd]" name="startExtent" is-config="true" duration-ms="8" started-at="2018-01-25T20:06:49Z" finished-at="2018-01-25T20:06:49Z">
          <params>
            <param index="0">
              <value>
                <![CDATA[public void testCases.TestExcelReader.searchProductUsingExcel() throws java.io.IOException,java.lang.InterruptedException]]>
              </value>
            </param>
          </params>
          <reporter-output>
          </reporter-output>
        </test-method> <!-- startExtent -->
        <test-method status="PASS" signature="initialization()[pri:0, instance:testCases.TestExcelReader@1b68ddbd]" name="initialization" is-config="true" duration-ms="39" started-at="2018-01-25T20:06:49Z" finished-at="2018-01-25T20:06:49Z">
          <reporter-output>
          </reporter-output>
        </test-method> <!-- initialization -->
        <test-method status="FAIL" signature="searchProductUsingExcel()[pri:0, instance:testCases.TestExcelReader@1b68ddbd]" name="searchProductUsingExcel" duration-ms="1" started-at="2018-01-25T20:06:49Z" finished-at="2018-01-25T20:06:49Z">
          <exception class="java.io.FileNotFoundException">
            <message>
              <![CDATA[..\Cigna\data\Data.xls (The system cannot find the file specified)]]>
            </message>
            <full-stacktrace>
              <![CDATA[java.io.FileNotFoundException: ..\Cigna\data\Data.xls (The system cannot find the file specified)at java.io.FileInputStream.open0(Native Method)at java.io.FileInputStream.open(FileInputStream.java:195)at java.io.FileInputStream.<init>(FileInputStream.java:138)at utility.DataReader.colReader(DataReader.java:67)at page_objects.InputFromExcel.getAssertData(InputFromExcel.java:30)at testCases.TestExcelReader.searchProductUsingExcel(TestExcelReader.java:25)at sun.reflect.NativeMethodAccessorImpl.invoke0(Native Method)at sun.reflect.NativeMethodAccessorImpl.invoke(NativeMethodAccessorImpl.java:62)at sun.reflect.DelegatingMethodAccessorImpl.invoke(DelegatingMethodAccessorImpl.java:43)at java.lang.reflect.Method.invoke(Method.java:498)at org.testng.internal.MethodInvocationHelper.invokeMethod(MethodInvocationHelper.java:124)at org.testng.internal.Invoker.invokeMethod(Invoker.java:571)at org.testng.internal.Invoker.invokeTestMethod(Invoker.java:707)at org.testng.internal.Invoker.invokeTestMethods(Invoker.java:979)at org.testng.internal.TestMethodWorker.invokeTestMethods(TestMethodWorker.java:125)at org.testng.internal.TestMethodWorker.run(TestMethodWorker.java:109)at org.testng.TestRunner.privateRun(TestRunner.java:648)at org.testng.TestRunner.run(TestRunner.java:505)at org.testng.SuiteRunner.runTest(SuiteRunner.java:455)at org.testng.SuiteRunner.runSequentially(SuiteRunner.java:450)at org.testng.SuiteRunner.privateRun(SuiteRunner.java:415)at org.testng.SuiteRunner.run(SuiteRunner.java:364)at org.testng.SuiteRunnerWorker.runSuite(SuiteRunnerWorker.java:52)at org.testng.SuiteRunnerWorker.run(SuiteRunnerWorker.java:84)at org.testng.TestNG.runSuitesSequentially(TestNG.java:1187)at org.testng.TestNG.runSuitesLocally(TestNG.java:1116)at org.testng.TestNG.runSuites(TestNG.java:1028)at org.testng.TestNG.run(TestNG.java:996)at org.testng.IDEARemoteTestNG.run(IDEARemoteTestNG.java:72)at org.testng.RemoteTestNGStarter.main(RemoteTestNGStarter.java:123)]]>
            </full-stacktrace>
          </exception> <!-- java.io.FileNotFoundException -->
          <reporter-output>
          </reporter-output>
        </test-method> <!-- searchProductUsingExcel -->
        <test-method status="PASS" signature="afterEachTestMethod(org.testng.ITestResult)[pri:0, instance:testCases.TestExcelReader@1b68ddbd]" name="afterEachTestMethod" is-config="true" duration-ms="2020" started-at="2018-01-25T20:06:49Z" finished-at="2018-01-25T20:06:51Z">
          <params>
            <param index="0">
              <value>
                <![CDATA[[TestResult name=searchProductUsingExcel status=FAILURE method=TestExcelReader.searchProductUsingExcel()[pri:0, instance:testCases.TestExcelReader@1b68ddbd] output={null}]]]>
              </value>
            </param>
          </params>
          <reporter-output>
          </reporter-output>
        </test-method> <!-- afterEachTestMethod -->
        <test-method status="PASS" signature="closeOut()[pri:0, instance:testCases.TestExcelReader@1b68ddbd]" name="closeOut" is-config="true" duration-ms="2" started-at="2018-01-25T20:06:51Z" finished-at="2018-01-25T20:06:51Z">
          <reporter-output>
          </reporter-output>
        </test-method> <!-- closeOut -->
        <test-method status="PASS" signature="generateReport()[pri:0, instance:testCases.TestExcelReader@1b68ddbd]" name="generateReport" is-config="true" duration-ms="71" started-at="2018-01-25T20:06:51Z" finished-at="2018-01-25T20:06:51Z">
          <reporter-output>
          </reporter-output>
        </test-method> <!-- generateReport -->
      </class> <!-- testCases.TestExcelReader -->
    </test> <!-- Cigna -->
  </suite> <!-- Cigna Automation Test -->
</testng-results>
