<?xml version="1.0" encoding="UTF-8"?>
<!-- Generated by org.testng.reporters.JUnitXMLReporter -->
<testsuite hostname="Alistair" ignored="0" name="Cigna" tests="1" failures="1" timestamp="26 Jan 2018 01:06:51 GMT" time="13.349" errors="0">
  <testcase name="searchProductUsingExcel" time="0.001" classname="testCases.TestExcelReader">
    <failure type="java.io.FileNotFoundException" message="..\Cigna\data\Data.xls (The system cannot find the file specified)">
      <![CDATA[java.io.FileNotFoundException: ..\Cigna\data\Data.xls (The system cannot find the file specified)at java.io.FileInputStream.open0(Native Method)at java.io.FileInputStream.open(FileInputStream.java:195)at java.io.FileInputStream.<init>(FileInputStream.java:138)at utility.DataReader.colReader(DataReader.java:67)at page_objects.InputFromExcel.getAssertData(InputFromExcel.java:30)at testCases.TestExcelReader.searchProductUsingExcel(TestExcelReader.java:25)... Removed 24 stack frames]]>
    </failure>
  </testcase> <!-- searchProductUsingExcel -->
</testsuite> <!-- Cigna -->
